<?xml version="1.0" encoding="UTF-8"?>
<testng-results ignored="0" total="11" passed="10" failed="1" skipped="0">
  <reporter-output>
  </reporter-output>
  <suite started-at="2024-02-04T14:07:38 IST" name="Default suite" finished-at="2024-02-04T14:13:48 IST" duration-ms="369516">
    <groups>
    </groups>
    <test started-at="2024-02-04T14:07:38 IST" name="Default test" finished-at="2024-02-04T14:13:48 IST" duration-ms="369516">
      <class name="testcases.Signuptest">
        <test-method is-config="true" signature="open()[pri:0, instance:testcases.Signuptest@6025e1b6]" started-at="2024-02-04T14:07:44 IST" name="open" finished-at="2024-02-04T14:07:51 IST" duration-ms="6942" status="PASS">
          <reporter-output>
          </reporter-output>
        </test-method> <!-- open -->
        <test-method signature="signup(java.lang.String,java.lang.String,java.lang.String,java.lang.String,java.lang.String,java.lang.String,java.lang.String)[pri:0, instance:testcases.Signuptest@6025e1b6]" started-at="2024-02-04T14:07:51 IST" name="signup" data-provider="signupdata" finished-at="2024-02-04T14:08:21 IST" duration-ms="30529" status="PASS">
          <params>
            <param index="0">
              <value>
                <![CDATA[Divagar]]>
              </value>
            </param>
            <param index="1">
              <value>
                <![CDATA[]]>
              </value>
            </param>
            <param index="2">
              <value>
                <![CDATA[divagar.xploresense@gmail.com]]>
              </value>
            </param>
            <param index="3">
              <value>
                <![CDATA[Qwerty12345*]]>
              </value>
            </param>
            <param index="4">
              <value>
                <![CDATA[Qwerty12345*]]>
              </value>
            </param>
            <param index="5">
              <value>
                <![CDATA[8.667230925E9]]>
              </value>
            </param>
            <param index="6">
              <value>
                <![CDATA[Best Buy: Create an Account]]>
              </value>
            </param>
          </params>
          <reporter-output>
          </reporter-output>
        </test-method> <!-- signup -->
        <test-method is-config="true" signature="close()[pri:0, instance:testcases.Signuptest@6025e1b6]" started-at="2024-02-04T14:08:21 IST" name="close" finished-at="2024-02-04T14:08:23 IST" duration-ms="1306" status="PASS">
          <reporter-output>
          </reporter-output>
        </test-method> <!-- close -->
        <test-method is-config="true" signature="open()[pri:0, instance:testcases.Signuptest@6025e1b6]" started-at="2024-02-04T14:08:23 IST" name="open" finished-at="2024-02-04T14:08:30 IST" duration-ms="7480" status="PASS">
          <reporter-output>
          </reporter-output>
        </test-method> <!-- open -->
        <test-method signature="signup(java.lang.String,java.lang.String,java.lang.String,java.lang.String,java.lang.String,java.lang.String,java.lang.String)[pri:0, instance:testcases.Signuptest@6025e1b6]" started-at="2024-02-04T14:08:30 IST" name="signup" data-provider="signupdata" finished-at="2024-02-04T14:08:53 IST" duration-ms="22946" status="PASS">
          <params>
            <param index="0">
              <value>
                <![CDATA[Divagar]]>
              </value>
            </param>
            <param index="1">
              <value>
                <![CDATA[V]]>
              </value>
            </param>
            <param index="2">
              <value>
                <![CDATA[divagar.com]]>
              </value>
            </param>
            <param index="3">
              <value>
                <![CDATA[Qwerty12345*]]>
              </value>
            </param>
            <param index="4">
              <value>
                <![CDATA[Qwerty12345*]]>
              </value>
            </param>
            <param index="5">
              <value>
                <![CDATA[8.667230925E9]]>
              </value>
            </param>
            <param index="6">
              <value>
                <![CDATA[Best Buy: Create an Account]]>
              </value>
            </param>
          </params>
          <reporter-output>
          </reporter-output>
        </test-method> <!-- signup -->
        <test-method is-config="true" signature="close()[pri:0, instance:testcases.Signuptest@6025e1b6]" started-at="2024-02-04T14:08:53 IST" name="close" finished-at="2024-02-04T14:08:53 IST" duration-ms="503" status="PASS">
          <reporter-output>
          </reporter-output>
        </test-method> <!-- close -->
        <test-method is-config="true" signature="open()[pri:0, instance:testcases.Signuptest@6025e1b6]" started-at="2024-02-04T14:08:53 IST" name="open" finished-at="2024-02-04T14:08:57 IST" duration-ms="4011" status="PASS">
          <reporter-output>
          </reporter-output>
        </test-method> <!-- open -->
        <test-method signature="signup(java.lang.String,java.lang.String,java.lang.String,java.lang.String,java.lang.String,java.lang.String,java.lang.String)[pri:0, instance:testcases.Signuptest@6025e1b6]" started-at="2024-02-04T14:08:57 IST" name="signup" data-provider="signupdata" finished-at="2024-02-04T14:09:23 IST" duration-ms="25865" status="PASS">
          <params>
            <param index="0">
              <value>
                <![CDATA[Divagar]]>
              </value>
            </param>
            <param index="1">
              <value>
                <![CDATA[V]]>
              </value>
            </param>
            <param index="2">
              <value>
                <![CDATA[divagar.xploresense@gmail.com]]>
              </value>
            </param>
            <param index="3">
              <value>
                <![CDATA[Qwerty12345*]]>
              </value>
            </param>
            <param index="4">
              <value>
                <![CDATA[Qwerty12345*]]>
              </value>
            </param>
            <param index="5">
              <value>
                <![CDATA[8.667230925E9]]>
              </value>
            </param>
            <param index="6">
              <value>
                <![CDATA[Best Buy: Create an Account]]>
              </value>
            </param>
          </params>
          <reporter-output>
          </reporter-output>
        </test-method> <!-- signup -->
        <test-method is-config="true" signature="close()[pri:0, instance:testcases.Signuptest@6025e1b6]" started-at="2024-02-04T14:09:23 IST" name="close" finished-at="2024-02-04T14:09:24 IST" duration-ms="593" status="PASS">
          <reporter-output>
          </reporter-output>
        </test-method> <!-- close -->
        <test-method is-config="true" signature="open()[pri:0, instance:testcases.Signuptest@6025e1b6]" started-at="2024-02-04T14:09:24 IST" name="open" finished-at="2024-02-04T14:09:30 IST" duration-ms="5732" status="PASS">
          <reporter-output>
          </reporter-output>
        </test-method> <!-- open -->
        <test-method signature="signup(java.lang.String,java.lang.String,java.lang.String,java.lang.String,java.lang.String,java.lang.String,java.lang.String)[pri:0, instance:testcases.Signuptest@6025e1b6]" started-at="2024-02-04T14:09:30 IST" name="signup" data-provider="signupdata" finished-at="2024-02-04T14:09:59 IST" duration-ms="28857" status="PASS">
          <params>
            <param index="0">
              <value>
                <![CDATA[Divagar]]>
              </value>
            </param>
            <param index="1">
              <value>
                <![CDATA[V]]>
              </value>
            </param>
            <param index="2">
              <value>
                <![CDATA[divagar.xploresense@gmail.com]]>
              </value>
            </param>
            <param index="3">
              <value>
                <![CDATA[Qwer]]>
              </value>
            </param>
            <param index="4">
              <value>
                <![CDATA[Qwer]]>
              </value>
            </param>
            <param index="5">
              <value>
                <![CDATA[8.667230925E9]]>
              </value>
            </param>
            <param index="6">
              <value>
                <![CDATA[Best Buy: Create an Account]]>
              </value>
            </param>
          </params>
          <reporter-output>
          </reporter-output>
        </test-method> <!-- signup -->
        <test-method is-config="true" signature="close()[pri:0, instance:testcases.Signuptest@6025e1b6]" started-at="2024-02-04T14:09:59 IST" name="close" finished-at="2024-02-04T14:09:59 IST" duration-ms="775" status="PASS">
          <reporter-output>
          </reporter-output>
        </test-method> <!-- close -->
        <test-method is-config="true" signature="open()[pri:0, instance:testcases.Signuptest@6025e1b6]" started-at="2024-02-04T14:09:59 IST" name="open" finished-at="2024-02-04T14:10:05 IST" duration-ms="5659" status="PASS">
          <reporter-output>
          </reporter-output>
        </test-method> <!-- open -->
        <test-method signature="signup(java.lang.String,java.lang.String,java.lang.String,java.lang.String,java.lang.String,java.lang.String,java.lang.String)[pri:0, instance:testcases.Signuptest@6025e1b6]" started-at="2024-02-04T14:10:05 IST" name="signup" data-provider="signupdata" finished-at="2024-02-04T14:10:29 IST" duration-ms="23732" status="PASS">
          <params>
            <param index="0">
              <value>
                <![CDATA[Divagar]]>
              </value>
            </param>
            <param index="1">
              <value>
                <![CDATA[V]]>
              </value>
            </param>
            <param index="2">
              <value>
                <![CDATA[divagar.xploresense@gmail.com]]>
              </value>
            </param>
            <param index="3">
              <value>
                <![CDATA[]]>
              </value>
            </param>
            <param index="4">
              <value>
                <![CDATA[Qwerty12345*]]>
              </value>
            </param>
            <param index="5">
              <value>
                <![CDATA[8.667230925E9]]>
              </value>
            </param>
            <param index="6">
              <value>
                <![CDATA[Best Buy: Create an Account]]>
              </value>
            </param>
          </params>
          <reporter-output>
          </reporter-output>
        </test-method> <!-- signup -->
        <test-method is-config="true" signature="close()[pri:0, instance:testcases.Signuptest@6025e1b6]" started-at="2024-02-04T14:10:29 IST" name="close" finished-at="2024-02-04T14:10:29 IST" duration-ms="557" status="PASS">
          <reporter-output>
          </reporter-output>
        </test-method> <!-- close -->
        <test-method is-config="true" signature="open()[pri:0, instance:testcases.Signuptest@6025e1b6]" started-at="2024-02-04T14:10:29 IST" name="open" finished-at="2024-02-04T14:10:38 IST" duration-ms="8418" status="PASS">
          <reporter-output>
          </reporter-output>
        </test-method> <!-- open -->
        <test-method signature="signup(java.lang.String,java.lang.String,java.lang.String,java.lang.String,java.lang.String,java.lang.String,java.lang.String)[pri:0, instance:testcases.Signuptest@6025e1b6]" started-at="2024-02-04T14:10:38 IST" name="signup" data-provider="signupdata" finished-at="2024-02-04T14:11:12 IST" duration-ms="34408" status="PASS">
          <params>
            <param index="0">
              <value>
                <![CDATA[Divagar]]>
              </value>
            </param>
            <param index="1">
              <value>
                <![CDATA[V]]>
              </value>
            </param>
            <param index="2">
              <value>
                <![CDATA[divagar.xploresense@gmail.com]]>
              </value>
            </param>
            <param index="3">
              <value>
                <![CDATA[Qwerty12345*]]>
              </value>
            </param>
            <param index="4">
              <value>
                <![CDATA[]]>
              </value>
            </param>
            <param index="5">
              <value>
                <![CDATA[8.667230925E9]]>
              </value>
            </param>
            <param index="6">
              <value>
                <![CDATA[Best Buy: Create an Account]]>
              </value>
            </param>
          </params>
          <reporter-output>
          </reporter-output>
        </test-method> <!-- signup -->
        <test-method is-config="true" signature="close()[pri:0, instance:testcases.Signuptest@6025e1b6]" started-at="2024-02-04T14:11:12 IST" name="close" finished-at="2024-02-04T14:11:14 IST" duration-ms="1594" status="PASS">
          <reporter-output>
          </reporter-output>
        </test-method> <!-- close -->
        <test-method is-config="true" signature="open()[pri:0, instance:testcases.Signuptest@6025e1b6]" started-at="2024-02-04T14:11:14 IST" name="open" finished-at="2024-02-04T14:11:18 IST" duration-ms="4461" status="PASS">
          <reporter-output>
          </reporter-output>
        </test-method> <!-- open -->
        <test-method signature="signup(java.lang.String,java.lang.String,java.lang.String,java.lang.String,java.lang.String,java.lang.String,java.lang.String)[pri:0, instance:testcases.Signuptest@6025e1b6]" started-at="2024-02-04T14:11:18 IST" name="signup" data-provider="signupdata" finished-at="2024-02-04T14:11:36 IST" duration-ms="18244" status="PASS">
          <params>
            <param index="0">
              <value>
                <![CDATA[Divagar]]>
              </value>
            </param>
            <param index="1">
              <value>
                <![CDATA[V]]>
              </value>
            </param>
            <param index="2">
              <value>
                <![CDATA[divagar.xploresense@gmail.com]]>
              </value>
            </param>
            <param index="3">
              <value>
                <![CDATA[]]>
              </value>
            </param>
            <param index="4">
              <value>
                <![CDATA[]]>
              </value>
            </param>
            <param index="5">
              <value>
                <![CDATA[8.667230925E9]]>
              </value>
            </param>
            <param index="6">
              <value>
                <![CDATA[Best Buy: Create an Account]]>
              </value>
            </param>
          </params>
          <reporter-output>
          </reporter-output>
        </test-method> <!-- signup -->
        <test-method is-config="true" signature="close()[pri:0, instance:testcases.Signuptest@6025e1b6]" started-at="2024-02-04T14:11:36 IST" name="close" finished-at="2024-02-04T14:11:41 IST" duration-ms="4907" status="PASS">
          <reporter-output>
          </reporter-output>
        </test-method> <!-- close -->
        <test-method is-config="true" signature="open()[pri:0, instance:testcases.Signuptest@6025e1b6]" started-at="2024-02-04T14:11:41 IST" name="open" finished-at="2024-02-04T14:11:52 IST" duration-ms="11165" status="PASS">
          <reporter-output>
          </reporter-output>
        </test-method> <!-- open -->
        <test-method signature="signup(java.lang.String,java.lang.String,java.lang.String,java.lang.String,java.lang.String,java.lang.String,java.lang.String)[pri:0, instance:testcases.Signuptest@6025e1b6]" started-at="2024-02-04T14:11:52 IST" name="signup" data-provider="signupdata" finished-at="2024-02-04T14:12:21 IST" duration-ms="29017" status="PASS">
          <params>
            <param index="0">
              <value>
                <![CDATA[Divagar]]>
              </value>
            </param>
            <param index="1">
              <value>
                <![CDATA[V]]>
              </value>
            </param>
            <param index="2">
              <value>
                <![CDATA[divagar.xploresense@gmail.com]]>
              </value>
            </param>
            <param index="3">
              <value>
                <![CDATA[Qwerty12345*]]>
              </value>
            </param>
            <param index="4">
              <value>
                <![CDATA[Qwerty12345*]]>
              </value>
            </param>
            <param index="5">
              <value>
                <![CDATA[866723092]]>
              </value>
            </param>
            <param index="6">
              <value>
                <![CDATA[Best Buy: Create an Account]]>
              </value>
            </param>
          </params>
          <reporter-output>
          </reporter-output>
        </test-method> <!-- signup -->
        <test-method is-config="true" signature="close()[pri:0, instance:testcases.Signuptest@6025e1b6]" started-at="2024-02-04T14:12:21 IST" name="close" finished-at="2024-02-04T14:12:22 IST" duration-ms="699" status="PASS">
          <reporter-output>
          </reporter-output>
        </test-method> <!-- close -->
        <test-method is-config="true" signature="open()[pri:0, instance:testcases.Signuptest@6025e1b6]" started-at="2024-02-04T14:12:22 IST" name="open" finished-at="2024-02-04T14:12:26 IST" duration-ms="3681" status="PASS">
          <reporter-output>
          </reporter-output>
        </test-method> <!-- open -->
        <test-method signature="signup(java.lang.String,java.lang.String,java.lang.String,java.lang.String,java.lang.String,java.lang.String,java.lang.String)[pri:0, instance:testcases.Signuptest@6025e1b6]" started-at="2024-02-04T14:12:26 IST" name="signup" data-provider="signupdata" finished-at="2024-02-04T14:12:42 IST" duration-ms="16333" status="PASS">
          <params>
            <param index="0">
              <value>
                <![CDATA[Divagar]]>
              </value>
            </param>
            <param index="1">
              <value>
                <![CDATA[V]]>
              </value>
            </param>
            <param index="2">
              <value>
                <![CDATA[divagar.xploresense@gmail.com]]>
              </value>
            </param>
            <param index="3">
              <value>
                <![CDATA[Qwerty12345*]]>
              </value>
            </param>
            <param index="4">
              <value>
                <![CDATA[Qwerty12345*]]>
              </value>
            </param>
            <param index="5">
              <value>
                <![CDATA[86672Qwert]]>
              </value>
            </param>
            <param index="6">
              <value>
                <![CDATA[Best Buy: Create an Account]]>
              </value>
            </param>
          </params>
          <reporter-output>
          </reporter-output>
        </test-method> <!-- signup -->
        <test-method is-config="true" signature="close()[pri:0, instance:testcases.Signuptest@6025e1b6]" started-at="2024-02-04T14:12:42 IST" name="close" finished-at="2024-02-04T14:12:43 IST" duration-ms="1113" status="PASS">
          <reporter-output>
          </reporter-output>
        </test-method> <!-- close -->
        <test-method is-config="true" signature="open()[pri:0, instance:testcases.Signuptest@6025e1b6]" started-at="2024-02-04T14:12:43 IST" name="open" finished-at="2024-02-04T14:12:52 IST" duration-ms="9126" status="PASS">
          <reporter-output>
          </reporter-output>
        </test-method> <!-- open -->
        <test-method signature="signup(java.lang.String,java.lang.String,java.lang.String,java.lang.String,java.lang.String,java.lang.String,java.lang.String)[pri:0, instance:testcases.Signuptest@6025e1b6]" started-at="2024-02-04T14:12:52 IST" name="signup" data-provider="signupdata" finished-at="2024-02-04T14:13:15 IST" duration-ms="22396" status="PASS">
          <params>
            <param index="0">
              <value>
                <![CDATA[Divagar]]>
              </value>
            </param>
            <param index="1">
              <value>
                <![CDATA[V]]>
              </value>
            </param>
            <param index="2">
              <value>
                <![CDATA[divagar.xploresense@gmail.com]]>
              </value>
            </param>
            <param index="3">
              <value>
                <![CDATA[Qwerty12345*]]>
              </value>
            </param>
            <param index="4">
              <value>
                <![CDATA[Qwerty12345*]]>
              </value>
            </param>
            <param index="5">
              <value>
                <![CDATA[hjbhjjhvvhj]]>
              </value>
            </param>
            <param index="6">
              <value>
                <![CDATA[Best Buy: Create an Account]]>
              </value>
            </param>
          </params>
          <reporter-output>
          </reporter-output>
        </test-method> <!-- signup -->
        <test-method is-config="true" signature="close()[pri:0, instance:testcases.Signuptest@6025e1b6]" started-at="2024-02-04T14:13:15 IST" name="close" finished-at="2024-02-04T14:13:17 IST" duration-ms="2197" status="PASS">
          <reporter-output>
          </reporter-output>
        </test-method> <!-- close -->
        <test-method is-config="true" signature="open()[pri:0, instance:testcases.Signuptest@6025e1b6]" started-at="2024-02-04T14:13:17 IST" name="open" finished-at="2024-02-04T14:13:25 IST" duration-ms="8364" status="PASS">
          <reporter-output>
          </reporter-output>
        </test-method> <!-- open -->
        <test-method signature="signup(java.lang.String,java.lang.String,java.lang.String,java.lang.String,java.lang.String,java.lang.String,java.lang.String)[pri:0, instance:testcases.Signuptest@6025e1b6]" started-at="2024-02-04T14:13:25 IST" name="signup" data-provider="signupdata" finished-at="2024-02-04T14:13:46 IST" duration-ms="21020" status="FAIL">
          <params>
            <param index="0">
              <value>
                <![CDATA[]]>
              </value>
            </param>
            <param index="1">
              <value>
                <![CDATA[]]>
              </value>
            </param>
            <param index="2">
              <value>
                <![CDATA[]]>
              </value>
            </param>
            <param index="3">
              <value>
                <![CDATA[]]>
              </value>
            </param>
            <param index="4">
              <value>
                <![CDATA[]]>
              </value>
            </param>
            <param index="5">
              <value>
                <![CDATA[]]>
              </value>
            </param>
            <param index="6">
              <value is-null="true"/>
            </param>
          </params>
          <exception class="java.lang.IllegalArgumentException">
            <message>
              <![CDATA[Keys to send should be a not null CharSequence]]>
            </message>
            <full-stacktrace>
              <![CDATA[java.lang.IllegalArgumentException: Keys to send should be a not null CharSequence
at org.openqa.selenium.remote.RemoteWebElement.sendKeys(RemoteWebElement.java:97)
at jdk.internal.reflect.GeneratedMethodAccessor3.invoke(Unknown Source)
at java.base/jdk.internal.reflect.DelegatingMethodAccessorImpl.invoke(DelegatingMethodAccessorImpl.java:43)
at java.base/java.lang.reflect.Method.invoke(Method.java:568)
at org.openqa.selenium.support.pagefactory.internal.LocatingElementHandler.invoke(LocatingElementHandler.java:51)
at jdk.proxy2/jdk.proxy2.$Proxy17.sendKeys(Unknown Source)
at pageobjects.Signuppage.entermobileno(Signuppage.java:114)
at testcases.Signuptest.signup(Signuptest.java:99)
at java.base/jdk.internal.reflect.NativeMethodAccessorImpl.invoke0(Native Method)
at java.base/jdk.internal.reflect.NativeMethodAccessorImpl.invoke(NativeMethodAccessorImpl.java:77)
at java.base/jdk.internal.reflect.DelegatingMethodAccessorImpl.invoke(DelegatingMethodAccessorImpl.java:43)
at java.base/java.lang.reflect.Method.invoke(Method.java:568)
at org.testng.internal.invokers.MethodInvocationHelper.invokeMethod(MethodInvocationHelper.java:139)
at org.testng.internal.invokers.TestInvoker.invokeMethod(TestInvoker.java:664)
at org.testng.internal.invokers.TestInvoker.invokeTestMethod(TestInvoker.java:227)
at org.testng.internal.invokers.MethodRunner.runInSequence(MethodRunner.java:50)
at org.testng.internal.invokers.TestInvoker$MethodInvocationAgent.invoke(TestInvoker.java:957)
at org.testng.internal.invokers.TestInvoker.invokeTestMethods(TestInvoker.java:200)
at org.testng.internal.invokers.TestMethodWorker.invokeTestMethods(TestMethodWorker.java:148)
at org.testng.internal.invokers.TestMethodWorker.run(TestMethodWorker.java:128)
at java.base/java.util.ArrayList.forEach(ArrayList.java:1511)
at org.testng.TestRunner.privateRun(TestRunner.java:848)
at org.testng.TestRunner.run(TestRunner.java:621)
at org.testng.SuiteRunner.runTest(SuiteRunner.java:443)
at org.testng.SuiteRunner.runSequentially(SuiteRunner.java:437)
at org.testng.SuiteRunner.privateRun(SuiteRunner.java:397)
at org.testng.SuiteRunner.run(SuiteRunner.java:336)
at org.testng.SuiteRunnerWorker.runSuite(SuiteRunnerWorker.java:52)
at org.testng.SuiteRunnerWorker.run(SuiteRunnerWorker.java:95)
at org.testng.TestNG.runSuitesSequentially(TestNG.java:1280)
at org.testng.TestNG.runSuitesLocally(TestNG.java:1200)
at org.testng.TestNG.runSuites(TestNG.java:1114)
at org.testng.TestNG.run(TestNG.java:1082)
at org.testng.remote.AbstractRemoteTestNG.run(AbstractRemoteTestNG.java:115)
at org.testng.remote.RemoteTestNG.initAndRun(RemoteTestNG.java:251)
at org.testng.remote.RemoteTestNG.main(RemoteTestNG.java:77)
]]>
            </full-stacktrace>
          </exception> <!-- java.lang.IllegalArgumentException -->
          <reporter-output>
          </reporter-output>
        </test-method> <!-- signup -->
        <test-method is-config="true" signature="close()[pri:0, instance:testcases.Signuptest@6025e1b6]" started-at="2024-02-04T14:13:47 IST" name="close" finished-at="2024-02-04T14:13:48 IST" duration-ms="1134" status="PASS">
          <reporter-output>
          </reporter-output>
        </test-method> <!-- close -->
      </class> <!-- testcases.Signuptest -->
    </test> <!-- Default test -->
  </suite> <!-- Default suite -->
</testng-results>
